c:\users\kenichirou\source\repos\winpci\winpci\x64\debug\vc142.pdb
c:\users\kenichirou\source\repos\winpci\winpci\x64\debug\power.obj
c:\users\kenichirou\source\repos\winpci\winpci\x64\debug\pcidrv.obj
c:\users\kenichirou\source\repos\winpci\winpci\x64\debug\isrdpc.obj
c:\users\kenichirou\source\repos\winpci\winpci\x64\debug\hw_req.obj
c:\users\kenichirou\source\repos\winpci\winpci\x64\debug\hw_init.obj
c:\users\kenichirou\source\repos\winpci\x64\debug\winpci\winpci.cat
c:\users\kenichirou\source\repos\winpci\x64\debug\winpci.sys
c:\users\kenichirou\source\repos\winpci\x64\debug\winpci.pdb
c:\users\kenichirou\source\repos\winpci\winpci\x64\debug\winpci.inf
c:\users\kenichirou\source\repos\winpci\x64\debug\winpci.cer
c:\users\kenichirou\source\repos\winpci\x64\debug\winpci.inf
c:\users\kenichirou\source\repos\winpci\winpci\x64\debug\winpci.tlog\cl.command.1.tlog
c:\users\kenichirou\source\repos\winpci\winpci\x64\debug\winpci.tlog\cl.read.1.tlog
c:\users\kenichirou\source\repos\winpci\winpci\x64\debug\winpci.tlog\cl.write.1.tlog
c:\users\kenichirou\source\repos\winpci\winpci\x64\debug\winpci.tlog\inf2cat-expand.5356.read.1.tlog
c:\users\kenichirou\source\repos\winpci\winpci\x64\debug\winpci.tlog\inf2cat-expand.5356.write.1.tlog
c:\users\kenichirou\source\repos\winpci\winpci\x64\debug\winpci.tlog\inf2cat-expand.read.1.tlog
c:\users\kenichirou\source\repos\winpci\winpci\x64\debug\winpci.tlog\inf2cat-expand.write.1.tlog
c:\users\kenichirou\source\repos\winpci\winpci\x64\debug\winpci.tlog\inf2cat.command.1.tlog
c:\users\kenichirou\source\repos\winpci\winpci\x64\debug\winpci.tlog\inf2cat.read.1.tlog
c:\users\kenichirou\source\repos\winpci\winpci\x64\debug\winpci.tlog\inf2cat.read.4.tlog
c:\users\kenichirou\source\repos\winpci\winpci\x64\debug\winpci.tlog\inf2cat.write.1.tlog
c:\users\kenichirou\source\repos\winpci\winpci\x64\debug\winpci.tlog\link.command.1.tlog
c:\users\kenichirou\source\repos\winpci\winpci\x64\debug\winpci.tlog\link.read.1.tlog
c:\users\kenichirou\source\repos\winpci\winpci\x64\debug\winpci.tlog\link.write.1.tlog
c:\users\kenichirou\source\repos\winpci\winpci\x64\debug\winpci.tlog\signtool.command.1.tlog
c:\users\kenichirou\source\repos\winpci\winpci\x64\debug\winpci.tlog\signtool.read.1.tlog
c:\users\kenichirou\source\repos\winpci\winpci\x64\debug\winpci.tlog\signtool.timestamp.1.tlog
c:\users\kenichirou\source\repos\winpci\winpci\x64\debug\winpci.tlog\signtool.write.1.tlog
c:\users\kenichirou\source\repos\winpci\winpci\x64\debug\winpci.tlog\stampinf.command.1.tlog
c:\users\kenichirou\source\repos\winpci\winpci\x64\debug\winpci.tlog\stampinf.read.1.tlog
c:\users\kenichirou\source\repos\winpci\winpci\x64\debug\winpci.tlog\stampinf.write.1.tlog
